git@github.com:credfeto/adblockplusrules.git
git@github.com:credfeto/markridgwellcouk.git
git@github.com:credfeto/markridgwellcom.git
git@github.com:credfeto/scripts.git
git@github.com:credfeto/credfeto-dotnet-package-update.git
git@github.com:credfeto/scratch.git
git@github.com:credfeto/auto-update-config.git
git@github.com:credfeto/cs-template.git
git@github.com:credfeto/credfeto.git
git@github.com:credfeto/credfeto-nuget-multi-push.git
git@github.com:credfeto/credfeto-changlog-manager.git
git@github.com:credfeto/credfeto-notes.git
git@github.com:credfeto/credfeto-notification-bot.git
git@github.com:credfeto/credfeto-enum-source-generation.git
git@github.com:credfeto/credfeto-extensions-linq.git
git@github.com:credfeto/credfeto-random.git
git@github.com:credfeto/credfeto-services-startup.git
git@github.com:credfeto/credfeto-database-source-generator.git
git@github.com:credfeto/credfeto-dotnet-repo-tools.git
git@github.com:credfeto/credfeto-flatpak-filter.git
git@github.com:credfeto/package-logs.git
git@github.com:credfeto/credfeto-systemd.git
git@github.com:credfeto/credfeto-version-constants-generator.git
git@github.com:credfeto/credfeto-dev-package-cache.git
git@github.com:credfeto/credfeto-docker-registry.git
git@github.com:credfeto/credfeto-notification-bot-docker.git
git@github.com:credfeto/credfeto-nuget-proxy.git
git@github.com:credfeto/credfeto-dns.git
git@github.com:credfeto/credfeto-docker-http-healthcheck-client.git
git@github.com:credfeto/credfeto-photos.git
git@github.com:credfeto/credfeto-watchtower.git
git@github.com:credfeto/credfeto-linux-package-cache.git
git@github.com:credfeto/credfeto-cache-proxy.git
git@github.com:credfeto/credfeto-dozzle.git
git@github.com:credfeto/credfeto-gickup.git
git@github.com:credfeto/credfeto-glance.git
git@github.com:credfeto/credfeto-dotnet-codeanalysis-override.git
git@github.com:credfeto/credfeto-local-aur-cache.git
git@github.com:credfeto/credfeto-aur2repo.git
git@github.com:credfeto/credfeto-setup-arch-vm.git
git@github.com:credfeto/credfeto-connectivity-test.git
git@github.com:credfeto/credfeto-inbucket.git
git@github.com:credfeto/credfeto-audiobookshelf.git
git@github.com:credfeto/recommendations-defi-dashboard.git
git@github.com:credfeto/credfeto-traefik.git
git@github.com:credfeto/credfeto-dispatcher.git
git@github.com:credfeto/credfeto-github-api-proxy.git
git@github.com:credfeto/credfeto-global-pre-commit.git
git@github.com:credfeto/credfeto-mssql.git
git@github.com:credfeto/credfeto-router-config.git
git@github.com:credfeto/credfeto-ref-check.git
git@github.com:credfeto/credfeto-exception-source-generator.git
git@github.com:credfeto/credfeto-source-generation-helpers.git
git@github.com:credfeto/credfeto-ssh-key-server.git
git@github.com:credfeto/credfeto-ssh-key-mgr.git
git@github.com:credfeto/credfeto-ssh-key-server-docker.git
git@github.com:credfeto/credfeto-orchestrator.git
git@github.com:credfeto/credfeto-monitoring.git