git@github.com:credfeto/cs-template.git
git@github.com:funfair-tech/funfair-server-repo-config.git
git@github.com:funfair-tech/BuildBot.git
git@github.com:funfair-tech/funfair-server-discord-coinbot.git
git@github.com:funfair-tech/funfair-server-code-analysis.git
git@github.com:funfair-tech/funfair-server-test.git
git@github.com:funfair-tech/funfair-build-check.git
git@github.com:funfair-tech/funfair-build-version.git
git@github.com:funfair-tech/funfair-server-common.git
git@github.com:funfair-tech/funfair-server-random.git
git@github.com:funfair-tech/funfair-server-ethereum.git
git@github.com:funfair-tech/funfair-server-ethereum-networks.git
git@github.com:funfair-tech/funfair-server-ethereum-gas-prices.git
git@github.com:funfair-tech/funfair-server-ethereum-contracts.git
git@github.com:funfair-tech/funfair-server-ethereum-abi.git
git@github.com:funfair-tech/funfair-server-ethereum-erc20-contracts.git
git@github.com:funfair-tech/funfair-server-ethereum-erc721-contracts.git
git@github.com:funfair-tech/funfair-server-ethereum-calls.git
git@github.com:funfair-tech/funfair-server-ethereum-balances.git
git@github.com:funfair-tech/funfair-server-ethereum-token-info.git
git@github.com:funfair-tech/funfair-server-ethereum-events.git
git@github.com:funfair-tech/funfair-server-ethereum-transactions.git
git@github.com:funfair-tech/funfair-server-content-package.git
git@github.com:funfair-tech/funfair-server-content-package-management.git
git@github.com:funfair-tech/funfair-server-content-package-builder.git
git@github.com:funfair-tech/funfair-server-client-package.git
git@github.com:funfair-tech/funfair-server-multi-call.git
git@github.com:funfair-tech/funfair-server-signalr-hub.git
git@github.com:funfair-tech/funfair-ethereum-proxy-server.git
git@github.com:funfair-tech/funfair-ethereum-proxy-server-monitor.git
